{
  "RSpec": {
    "coverage": {
      "/home/brainy-entropy-6969/tic-tac-toe-rb-ruby-apply-000/lib/tic_tac_toe.rb": [
        null,
        null,
        1,
        null,
        null,
        null,
        null,
        null,
        null,
        null,
        null,
        1,
        17,
        17,
        17,
        17,
        17,
        null,
        null,
        1,
        17,
        null,
        null,
        1,
        17,
        null,
        null,
        1,
        17,
        null,
        null,
        1,
        17,
        null,
        null,
        1,
        17,
        17,
        17,
        17,
        17,
        17,
        null,
        0,
        null,
        null,
        null,
        1,
        17,
        null,
        null,
        1,
        17,
        null,
        null,
        1,
        46,
        311,
        311,
        311,
        null,
        311,
        311,
        311,
        null,
        311,
        null,
        12,
        null,
        null,
        34,
        null,
        null,
        1,
        26,
        null,
        null,
        1,
        16,
        4,
        null,
        null,
        null,
        12,
        null,
        null,
        null,
        1,
        18,
        8,
        null,
        10,
        null,
        null,
        null,
        1,
        4,
        4,
        null,
        null,
        4,
        3,
        null,
        1,
        null,
        null,
        null,
        null,
        1,
        12,
        17,
        null,
        null,
        12,
        5,
        7,
        3,
        null,
        null
      ]
    },
    "timestamp": 1601817072
  }
}
