{
  "RSpec": {
    "coverage": {
      "/home/brainy-entropy-6969/tic-tac-toe-rb-ruby-apply-000/lib/tic_tac_toe.rb": [
        null,
        null,
        1,
        null,
        null,
        null,
        null,
        null,
        null,
        null,
        null,
        1,
        15,
        15,
        15,
        15,
        15,
        null,
        null,
        1,
        959,
        null,
        null,
        1,
        15,
        null,
        null,
        1,
        959,
        null,
        null,
        1,
        959,
        null,
        null,
        1,
        960,
        959,
        959,
        959,
        15,
        15,
        null,
        944,
        null,
        null,
        null,
        1,
        15,
        null,
        null,
        1,
        15,
        null,
        null,
        1,
        42,
        279,
        279,
        279,
        null,
        279,
        279,
        279,
        null,
        279,
        null,
        12,
        null,
        null,
        30,
        null,
        null,
        1,
        23,
        null,
        null,
        1,
        14,
        4,
        null,
        null,
        null,
        10,
        null,
        null,
        null,
        1,
        17,
        8,
        null,
        9,
        null,
        null,
        null,
        1,
        4,
        4,
        null,
        null,
        4,
        2,
        null,
        2,
        null,
        null,
        null,
        null,
        1,
        12,
        12,
        16,
        null,
        11,
        5,
        6,
        3,
        null,
        null,
        null
      ]
    },
    "timestamp": 1601815310
  }
}
